<?xml version="1.0" encoding="UTF-8"?>
<testng-results ignored="0" total="1" passed="1" failed="0" skipped="0">
  <reporter-output>
  </reporter-output>
  <suite started-at="2023-03-26T10:18:36 IST" name="Default suite" finished-at="2023-03-26T10:20:24 IST" duration-ms="108409">
    <groups>
    </groups>
    <test started-at="2023-03-26T10:18:36 IST" name="Default test" finished-at="2023-03-26T10:20:24 IST" duration-ms="108409">
      <class name="driverFactory.AppTest">
        <test-method signature="kickstart()[pri:0, instance:driverFactory.AppTest@54d9d12d]" started-at="2023-03-26T10:18:36 IST" name="kickstart" finished-at="2023-03-26T10:20:24 IST" duration-ms="108358" status="PASS">
          <reporter-output>
          </reporter-output>
        </test-method> <!-- kickstart -->
      </class> <!-- driverFactory.AppTest -->
    </test> <!-- Default test -->
  </suite> <!-- Default suite -->
</testng-results>
